[00:42:03] [ServerMain/INFO]: [bootstrap] Running Java 21 (OpenJDK 64-Bit Server VM 21.0.7+6-Ubuntu-0ubuntu124.04; Ubuntu null) on Linux 6.8.0-1030-azure (amd64)
[00:42:03] [ServerMain/INFO]: [bootstrap] Loading Paper 1.21.8-6-main@782ce95 (2025-07-18T20:26:58Z) for Minecraft 1.21.8
[00:42:03] [ServerMain/INFO]: [PluginInitializerManager] Initializing plugins...
[00:42:06] [ServerMain/INFO]: [PluginInitializerManager] Initialized 5 plugins
[00:42:06] [ServerMain/INFO]: [PluginInitializerManager] Bukkit plugins (5):
 - Geyser-Spigot (2.8.2-SNAPSHOT), SkinsRestorer (15.7.7), ViaBackwards (5.4.2-SNAPSHOT), ViaVersion (5.4.2-SNAPSHOT), floodgate (2.2.4-SNAPSHOT (b118-40d320a))
[00:42:11] [ServerMain/INFO]: Environment: Environment[sessionHost=https://sessionserver.mojang.com, servicesHost=https://api.minecraftservices.com, name=PROD]
[00:42:13] [ServerMain/INFO]: Loaded 1407 recipes
[00:42:13] [ServerMain/INFO]: Loaded 1520 advancements
[00:42:13] [ServerMain/INFO]: [ca.spottedleaf.dataconverter.minecraft.datatypes.MCTypeRegistry] Initialising converters for DataConverter...
[00:42:14] [ServerMain/INFO]: [ca.spottedleaf.dataconverter.minecraft.datatypes.MCTypeRegistry] Finished initialising converters for DataConverter in 427.3ms
[00:42:14] [Server thread/INFO]: Starting minecraft server version 1.21.8
[00:42:14] [Server thread/INFO]: Loading properties
[00:42:14] [Server thread/INFO]: This server is running Paper version 1.21.8-6-main@782ce95 (2025-07-18T20:26:58Z) (Implementing API version 1.21.8-R0.1-SNAPSHOT)
[00:42:14] [Server thread/INFO]: [spark] This server bundles the spark profiler. For more information please visit https://docs.papermc.io/paper/profiling
[00:42:14] [Server thread/INFO]: Server Ping Player Sample Count: 12
[00:42:14] [Server thread/INFO]: Using 4 threads for Netty based IO
[00:42:15] [Server thread/INFO]: [MoonriseCommon] Paper is using 1 worker threads, 1 I/O threads
[00:42:15] [Server thread/INFO]: [ChunkTaskScheduler] Chunk system is using population gen parallelism: true
[00:42:15] [Server thread/INFO]: Default game type: SURVIVAL
[00:42:15] [Server thread/INFO]: Generating keypair
[00:42:15] [Server thread/INFO]: Starting Minecraft server on *:25565
[00:42:15] [Server thread/INFO]: Using epoll channel type
[00:42:15] [Server thread/INFO]: Paper: Using libdeflate (Linux x86_64) compression from Velocity.
[00:42:15] [Server thread/INFO]: Paper: Using OpenSSL 3.x.x (Linux x86_64) cipher from Velocity.
[00:42:16] [Server thread/INFO]: [ViaVersion] Loading server plugin ViaVersion v5.4.2-SNAPSHOT
[00:42:16] [Server thread/INFO]: [ViaVersion] ViaVersion 5.4.2-SNAPSHOT is now loaded. Registering protocol transformers and injecting...
[00:42:16] [Via-Mappingloader-0/INFO]: [ViaVersion] Loading block connection mappings ...
[00:42:16] [Via-Mappingloader-0/INFO]: [ViaVersion] Using FastUtil Long2ObjectOpenHashMap for block connections
[00:42:17] [Server thread/INFO]: [ViaBackwards] Loading translations...
[00:42:17] [Server thread/INFO]: [ViaBackwards] Registering protocols...
[00:42:17] [Server thread/INFO]: [floodgate] Loading server plugin floodgate v2.2.4-SNAPSHOT (b118-40d320a)
[00:42:18] [Server thread/WARN]: [floodgate] en_ is not a supported Floodgate language.
[00:42:18] [Server thread/INFO]: [floodgate] Took 817ms to boot Floodgate
[00:42:18] [Server thread/INFO]: [ViaBackwards] Loading server plugin ViaBackwards v5.4.2-SNAPSHOT
[00:42:18] [Server thread/INFO]: [Geyser-Spigot] Loading server plugin Geyser-Spigot v2.8.2-SNAPSHOT
[00:42:18] [Server thread/INFO]: [Geyser-Spigot] Loading extensions...
[00:42:18] [Server thread/INFO]: [Geyser-Spigot] Loaded 0 extension(s)
[00:42:18] [Server thread/INFO]: [SkinsRestorer] Loading server plugin SkinsRestorer v15.7.7
[00:42:18] [Server thread/INFO]: Server permissions file permissions.yml is empty, ignoring it
[00:42:18] [Server thread/INFO]: [SkinsRestorer] Enabling SkinsRestorer v15.7.7
[00:42:19] [Server thread/ERROR]: [SkinsRestorer] Your Minecraft version (1.21.8) is not supported by this version of SkinsRestorer! Is there a newer version available? https://modrinth.com/plugin/skinsrestorer If not, join our Discord server!
[00:42:19] [Server thread/INFO]: [SkinsRestorer] Running on Minecraft 1.21.8.
[00:42:19] [Server thread/INFO]: [SkinsRestorer] Floodgate skin listener registered
[00:42:20] [Server thread/INFO]: [SkinsRestorer] Using paper join listener!
[00:42:20] [Server thread/WARN]: **** SERVER IS RUNNING IN OFFLINE/INSECURE MODE!
[00:42:20] [Server thread/WARN]: The server will make no attempt to authenticate usernames. Beware.
[00:42:20] [Server thread/WARN]: While this makes the game possible to play without internet access, it also opens up the ability for hackers to connect with any username they choose.
[00:42:20] [Server thread/WARN]: To change this, set "online-mode" to "true" in the server.properties file.
[00:42:20] [Server thread/INFO]: Preparing level "world"
[00:42:20] [Folia Async Scheduler Thread #1/INFO]: [SkinsRestorer] ----------------------------------------------
[00:42:20] [Folia Async Scheduler Thread #1/INFO]: [SkinsRestorer]     +==================+
[00:42:20] [Folia Async Scheduler Thread #1/INFO]: [SkinsRestorer]     |   SkinsRestorer  |
[00:42:20] [Folia Async Scheduler Thread #1/INFO]: [SkinsRestorer]     |------------------|
[00:42:20] [Folia Async Scheduler Thread #1/INFO]: [SkinsRestorer]     |  Standalone Mode |
[00:42:20] [Folia Async Scheduler Thread #1/INFO]: [SkinsRestorer]     +==================+
[00:42:20] [Folia Async Scheduler Thread #1/INFO]: [SkinsRestorer] ----------------------------------------------
[00:42:20] [Folia Async Scheduler Thread #1/INFO]: [SkinsRestorer]     Version: 15.7.7
[00:42:20] [Folia Async Scheduler Thread #1/INFO]: [SkinsRestorer]     Commit: 7eff058
[00:42:20] [Folia Async Scheduler Thread #1/INFO]: [SkinsRestorer]     This is the latest version!
[00:42:20] [Folia Async Scheduler Thread #1/INFO]: [SkinsRestorer] ----------------------------------------------
[00:42:20] [Folia Async Scheduler Thread #1/INFO]: [SkinsRestorer] Do you have issues? Read our troubleshooting guide: https://skinsrestorer.net/docs/troubleshooting
[00:42:20] [Folia Async Scheduler Thread #1/INFO]: [SkinsRestorer] Want to support SkinsRestorer? Consider donating: https://skinsrestorer.net/donate
[00:42:20] [Server thread/INFO]: Preparing start region for dimension minecraft:overworld
[00:42:20] [Server thread/INFO]: Preparing spawn area: 0%
[00:42:21] [Server thread/INFO]: Preparing spawn area: 32%
[00:42:21] [Server thread/INFO]: Time elapsed: 897 ms
[00:42:21] [Server thread/INFO]: Preparing start region for dimension minecraft:the_nether
[00:42:21] [Server thread/INFO]: Preparing spawn area: 0%
[00:42:21] [Server thread/INFO]: Time elapsed: 270 ms
[00:42:21] [Server thread/INFO]: Preparing start region for dimension minecraft:the_end
[00:42:21] [Server thread/INFO]: Preparing spawn area: 0%
[00:42:22] [Server thread/INFO]: Time elapsed: 231 ms
[00:42:22] [Server thread/INFO]: [ViaVersion] Enabling ViaVersion v5.4.2-SNAPSHOT
[00:42:22] [Server thread/INFO]: [ViaVersion] ViaVersion detected server version: 1.21.7-1.21.8 (772)
[00:42:22] [Server thread/INFO]: [floodgate] Enabling floodgate v2.2.4-SNAPSHOT (b118-40d320a)
[00:42:22] [Server thread/INFO]: [ViaBackwards] Enabling ViaBackwards v5.4.2-SNAPSHOT
[00:42:22] [Server thread/INFO]: [Geyser-Spigot] Enabling Geyser-Spigot v2.8.2-SNAPSHOT
[00:42:22] [Server thread/INFO]: [spark] Starting background profiler...
[00:42:23] [Server thread/INFO]: [Geyser-Spigot] ******************************************
[00:42:23] [Server thread/INFO]: [Geyser-Spigot] 
[00:42:23] [Server thread/INFO]: [Geyser-Spigot] Loading Geyser version 2.8.2-b887 (git-master-1f23d1d)
[00:42:23] [Server thread/INFO]: [Geyser-Spigot] 
[00:42:23] [Server thread/INFO]: [Geyser-Spigot] ******************************************
[00:42:28] [Server thread/INFO]: [Geyser-Spigot] Started Geyser on UDP port 2113
[00:42:28] [Server thread/INFO]: [Geyser-Spigot] Done (4.308s)! Run /geyser help for help!
[00:42:28] [Server thread/INFO]: Done preparing level "world" (7.989s)
[00:42:28] [Server thread/INFO]: Running delayed init tasks
[00:42:28] [Server thread/INFO]: Done (26.606s)! For help, type "help"
[00:42:28] [Craft Scheduler Thread - 2 - ViaVersion/INFO]: [ViaVersion] Finished mapping loading, shutting down loader executor.
[00:42:28] [Server thread/WARN]: [ViaVersion] There is a newer plugin version available: 5.4.2, you're on: 5.4.2-SNAPSHOT
[00:42:30] [User Authenticator #0/INFO]: UUID of player H_imperio is 554ba1d1-bcf2-3427-a8c0-008a2575b2aa
[00:42:30] [Server thread/INFO]: [HorriblePlayerLoginEventHack] You have plugins listening to the PlayerLoginEvent, this will cause re-configuration APIs to be unavailable: [SkinsRestorer]
[00:42:34] [Server thread/INFO]: H_imperio joined the game
[00:42:34] [Server thread/INFO]: H_imperio[/127.26.159.67:40723] logged in with entity id 30 at ([world]843.6999999880791, 69.0, 63.01355473741301)
